<?xml version="1.0" encoding="UTF-8"?>
<testng-results ignored="0" total="1" passed="1" failed="0" skipped="0">
  <reporter-output>
  </reporter-output>
  <suite started-at="2019-06-11T04:09:32Z" name="Suite" finished-at="2019-06-11T04:11:02Z" duration-ms="90009">
    <groups>
    </groups>
    <test started-at="2019-06-11T04:09:32Z" name="Blog Search" finished-at="2019-06-11T04:11:02Z" duration-ms="90009">
      <class name="testObjects.blogSearchTest">
        <test-method is-config="true" signature="initDesiredCapabilities(java.lang.String)[pri:0, instance:testObjects.blogSearchTest@6156496]" started-at="2019-06-11T04:09:32Z" name="initDesiredCapabilities" finished-at="2019-06-11T04:10:07Z" duration-ms="34122" status="PASS">
          <params>
            <param index="0">
              <value>
                <![CDATA[chrome]]>
              </value>
            </param>
          </params>
          <reporter-output>
          </reporter-output>
        </test-method> <!-- initDesiredCapabilities -->
        <test-method signature="blogSearchTestMethod()[pri:0, instance:testObjects.blogSearchTest@6156496]" started-at="2019-06-11T04:10:07Z" name="blogSearchTestMethod" finished-at="2019-06-11T04:11:01Z" duration-ms="54875" status="PASS">
          <reporter-output>
          </reporter-output>
        </test-method> <!-- blogSearchTestMethod -->
        <test-method is-config="true" signature="quit()[pri:0, instance:testObjects.blogSearchTest@6156496]" started-at="2019-06-11T04:11:01Z" name="quit" finished-at="2019-06-11T04:11:02Z" duration-ms="979" status="PASS">
          <reporter-output>
          </reporter-output>
        </test-method> <!-- quit -->
      </class> <!-- testObjects.blogSearchTest -->
    </test> <!-- Blog Search -->
  </suite> <!-- Suite -->
</testng-results>
