<?xml version="1.0" encoding="UTF-8"?>
<testng-results ignored="0" total="1" passed="1" failed="0" skipped="0">
  <reporter-output>
  </reporter-output>
  <suite started-at="2019-06-11T21:02:59Z" name="Suite" finished-at="2019-06-11T21:04:29Z" duration-ms="89805">
    <groups>
    </groups>
    <test started-at="2019-06-11T21:02:59Z" name="Blog Search" finished-at="2019-06-11T21:04:29Z" duration-ms="89805">
      <class name="testObjects.blogSearchTest">
        <test-method is-config="true" signature="initDesiredCapabilities()[pri:0, instance:testObjects.blogSearchTest@5c1a8622]" started-at="2019-06-11T21:02:59Z" name="initDesiredCapabilities" finished-at="2019-06-11T21:03:20Z" duration-ms="21111" status="PASS">
          <reporter-output>
          </reporter-output>
        </test-method> <!-- initDesiredCapabilities -->
        <test-method signature="blogSearchTestMethod()[pri:0, instance:testObjects.blogSearchTest@5c1a8622]" started-at="2019-06-11T21:03:21Z" name="blogSearchTestMethod" finished-at="2019-06-11T21:04:27Z" duration-ms="66764" status="PASS">
          <reporter-output>
          </reporter-output>
        </test-method> <!-- blogSearchTestMethod -->
        <test-method is-config="true" signature="quit()[pri:0, instance:testObjects.blogSearchTest@5c1a8622]" started-at="2019-06-11T21:04:27Z" name="quit" finished-at="2019-06-11T21:04:29Z" duration-ms="1785" status="PASS">
          <reporter-output>
          </reporter-output>
        </test-method> <!-- quit -->
      </class> <!-- testObjects.blogSearchTest -->
    </test> <!-- Blog Search -->
  </suite> <!-- Suite -->
</testng-results>
